<?xml version="1.0" encoding="UTF-8"?>
<testng-results ignored="0" total="1" passed="1" failed="0" skipped="0">
  <reporter-output>
  </reporter-output>
  <suite started-at="2023-12-26T21:04:10Z" name="Default suite" finished-at="2023-12-26T21:04:29Z" duration-ms="19167">
    <groups>
    </groups>
    <test started-at="2023-12-26T21:04:10Z" name="Default test" finished-at="2023-12-26T21:04:29Z" duration-ms="19167">
      <class name="tests.ValidateIconsScreen">
        <test-method is-config="true" signature="setup()[pri:0, instance:tests.ValidateIconsScreen@2ef14fe]" started-at="2023-12-26T21:04:10Z" name="setup" finished-at="2023-12-26T21:04:23Z" duration-ms="13435" status="PASS">
          <reporter-output>
          </reporter-output>
        </test-method> <!-- setup -->
        <test-method signature="validateThatChanceOfRainingAndHumidityIconsAreDisplayedForNextSixHours()[pri:0, instance:tests.ValidateIconsScreen@2ef14fe]" started-at="2023-12-26T21:04:23Z" name="validateThatChanceOfRainingAndHumidityIconsAreDisplayedForNextSixHours" finished-at="2023-12-26T21:04:28Z" duration-ms="5173" status="PASS">
          <reporter-output>
          </reporter-output>
        </test-method> <!-- validateThatChanceOfRainingAndHumidityIconsAreDisplayedForNextSixHours -->
        <test-method is-config="true" signature="tearDown()[pri:0, instance:tests.ValidateIconsScreen@2ef14fe]" started-at="2023-12-26T21:04:28Z" name="tearDown" finished-at="2023-12-26T21:04:29Z" duration-ms="543" status="PASS">
          <reporter-output>
          </reporter-output>
        </test-method> <!-- tearDown -->
      </class> <!-- tests.ValidateIconsScreen -->
    </test> <!-- Default test -->
  </suite> <!-- Default suite -->
</testng-results>
